<?xml version="1.0" encoding="UTF-8"?>
<testsuite xmlns:xsi="http://www.w3.org/2001/XMLSchema-instance" xsi:noNamespaceSchemaLocation="https://maven.apache.org/surefire/maven-surefire-plugin/xsd/surefire-test-report.xsd" name="guru.springframework.joke.JokeappApplicationTests" time="2.04" tests="1" errors="0" skipped="0" failures="0">
  <properties>
    <property name="gopherProxySet" value="false"/>
    <property name="awt.toolkit" value="sun.lwawt.macosx.LWCToolkit"/>
    <property name="file.encoding.pkg" value="sun.io"/>
    <property name="java.specification.version" value="1.8"/>
    <property name="sun.cpu.isalist" value=""/>
    <property name="sun.jnu.encoding" value="UTF-8"/>
    <property name="java.class.path" value="/Users/00121556A/zWorkspace/playground/jokeapp/target/test-classes:/Users/00121556A/zWorkspace/playground/jokeapp/target/classes:/Users/00121556A/.m2/repository/org/springframework/boot/spring-boot-starter-thymeleaf/2.4.2/spring-boot-starter-thymeleaf-2.4.2.jar:/Users/00121556A/.m2/repository/org/springframework/boot/spring-boot-starter/2.4.2/spring-boot-starter-2.4.2.jar:/Users/00121556A/.m2/repository/org/springframework/boot/spring-boot/2.4.2/spring-boot-2.4.2.jar:/Users/00121556A/.m2/repository/org/springframework/boot/spring-boot-autoconfigure/2.4.2/spring-boot-autoconfigure-2.4.2.jar:/Users/00121556A/.m2/repository/org/springframework/boot/spring-boot-starter-logging/2.4.2/spring-boot-starter-logging-2.4.2.jar:/Users/00121556A/.m2/repository/ch/qos/logback/logback-classic/1.2.3/logback-classic-1.2.3.jar:/Users/00121556A/.m2/repository/ch/qos/logback/logback-core/1.2.3/logback-core-1.2.3.jar:/Users/00121556A/.m2/repository/org/apache/logging/log4j/log4j-to-slf4j/2.13.3/log4j-to-slf4j-2.13.3.jar:/Users/00121556A/.m2/repository/org/apache/logging/log4j/log4j-api/2.13.3/log4j-api-2.13.3.jar:/Users/00121556A/.m2/repository/org/slf4j/jul-to-slf4j/1.7.30/jul-to-slf4j-1.7.30.jar:/Users/00121556A/.m2/repository/jakarta/annotation/jakarta.annotation-api/1.3.5/jakarta.annotation-api-1.3.5.jar:/Users/00121556A/.m2/repository/org/yaml/snakeyaml/1.27/snakeyaml-1.27.jar:/Users/00121556A/.m2/repository/org/thymeleaf/thymeleaf-spring5/3.0.12.RELEASE/thymeleaf-spring5-3.0.12.RELEASE.jar:/Users/00121556A/.m2/repository/org/thymeleaf/thymeleaf/3.0.12.RELEASE/thymeleaf-3.0.12.RELEASE.jar:/Users/00121556A/.m2/repository/org/attoparser/attoparser/2.0.5.RELEASE/attoparser-2.0.5.RELEASE.jar:/Users/00121556A/.m2/repository/org/unbescape/unbescape/1.1.6.RELEASE/unbescape-1.1.6.RELEASE.jar:/Users/00121556A/.m2/repository/org/slf4j/slf4j-api/1.7.30/slf4j-api-1.7.30.jar:/Users/00121556A/.m2/repository/org/thymeleaf/extras/thymeleaf-extras-java8time/3.0.4.RELEASE/thymeleaf-extras-java8time-3.0.4.RELEASE.jar:/Users/00121556A/.m2/repository/org/springframework/boot/spring-boot-starter-web/2.4.2/spring-boot-starter-web-2.4.2.jar:/Users/00121556A/.m2/repository/org/springframework/boot/spring-boot-starter-json/2.4.2/spring-boot-starter-json-2.4.2.jar:/Users/00121556A/.m2/repository/com/fasterxml/jackson/core/jackson-databind/2.11.4/jackson-databind-2.11.4.jar:/Users/00121556A/.m2/repository/com/fasterxml/jackson/core/jackson-annotations/2.11.4/jackson-annotations-2.11.4.jar:/Users/00121556A/.m2/repository/com/fasterxml/jackson/core/jackson-core/2.11.4/jackson-core-2.11.4.jar:/Users/00121556A/.m2/repository/com/fasterxml/jackson/datatype/jackson-datatype-jdk8/2.11.4/jackson-datatype-jdk8-2.11.4.jar:/Users/00121556A/.m2/repository/com/fasterxml/jackson/datatype/jackson-datatype-jsr310/2.11.4/jackson-datatype-jsr310-2.11.4.jar:/Users/00121556A/.m2/repository/com/fasterxml/jackson/module/jackson-module-parameter-names/2.11.4/jackson-module-parameter-names-2.11.4.jar:/Users/00121556A/.m2/repository/org/springframework/boot/spring-boot-starter-tomcat/2.4.2/spring-boot-starter-tomcat-2.4.2.jar:/Users/00121556A/.m2/repository/org/apache/tomcat/embed/tomcat-embed-core/9.0.41/tomcat-embed-core-9.0.41.jar:/Users/00121556A/.m2/repository/org/glassfish/jakarta.el/3.0.3/jakarta.el-3.0.3.jar:/Users/00121556A/.m2/repository/org/apache/tomcat/embed/tomcat-embed-websocket/9.0.41/tomcat-embed-websocket-9.0.41.jar:/Users/00121556A/.m2/repository/org/springframework/spring-web/5.3.3/spring-web-5.3.3.jar:/Users/00121556A/.m2/repository/org/springframework/spring-beans/5.3.3/spring-beans-5.3.3.jar:/Users/00121556A/.m2/repository/org/springframework/spring-webmvc/5.3.3/spring-webmvc-5.3.3.jar:/Users/00121556A/.m2/repository/org/springframework/spring-aop/5.3.3/spring-aop-5.3.3.jar:/Users/00121556A/.m2/repository/org/springframework/spring-context/5.3.3/spring-context-5.3.3.jar:/Users/00121556A/.m2/repository/org/springframework/spring-expression/5.3.3/spring-expression-5.3.3.jar:/Users/00121556A/.m2/repository/guru/springframework/chuck-norris-for-actuator/0.0.2/chuck-norris-for-actuator-0.0.2.jar:/Users/00121556A/.m2/repository/org/springframework/boot/spring-boot-actuator/2.4.2/spring-boot-actuator-2.4.2.jar:/Users/00121556A/.m2/repository/junit/junit/4.13.1/junit-4.13.1.jar:/Users/00121556A/.m2/repository/org/hamcrest/hamcrest-core/2.2/hamcrest-core-2.2.jar:/Users/00121556A/.m2/repository/org/springframework/boot/spring-boot-starter-test/2.4.2/spring-boot-starter-test-2.4.2.jar:/Users/00121556A/.m2/repository/org/springframework/boot/spring-boot-test/2.4.2/spring-boot-test-2.4.2.jar:/Users/00121556A/.m2/repository/org/springframework/boot/spring-boot-test-autoconfigure/2.4.2/spring-boot-test-autoconfigure-2.4.2.jar:/Users/00121556A/.m2/repository/com/jayway/jsonpath/json-path/2.4.0/json-path-2.4.0.jar:/Users/00121556A/.m2/repository/net/minidev/json-smart/2.3/json-smart-2.3.jar:/Users/00121556A/.m2/repository/net/minidev/accessors-smart/1.2/accessors-smart-1.2.jar:/Users/00121556A/.m2/repository/org/ow2/asm/asm/5.0.4/asm-5.0.4.jar:/Users/00121556A/.m2/repository/jakarta/xml/bind/jakarta.xml.bind-api/2.3.3/jakarta.xml.bind-api-2.3.3.jar:/Users/00121556A/.m2/repository/jakarta/activation/jakarta.activation-api/1.2.2/jakarta.activation-api-1.2.2.jar:/Users/00121556A/.m2/repository/org/assertj/assertj-core/3.18.1/assertj-core-3.18.1.jar:/Users/00121556A/.m2/repository/org/hamcrest/hamcrest/2.2/hamcrest-2.2.jar:/Users/00121556A/.m2/repository/org/junit/jupiter/junit-jupiter/5.7.0/junit-jupiter-5.7.0.jar:/Users/00121556A/.m2/repository/org/junit/jupiter/junit-jupiter-api/5.7.0/junit-jupiter-api-5.7.0.jar:/Users/00121556A/.m2/repository/org/apiguardian/apiguardian-api/1.1.0/apiguardian-api-1.1.0.jar:/Users/00121556A/.m2/repository/org/opentest4j/opentest4j/1.2.0/opentest4j-1.2.0.jar:/Users/00121556A/.m2/repository/org/junit/platform/junit-platform-commons/1.7.0/junit-platform-commons-1.7.0.jar:/Users/00121556A/.m2/repository/org/junit/jupiter/junit-jupiter-params/5.7.0/junit-jupiter-params-5.7.0.jar:/Users/00121556A/.m2/repository/org/junit/jupiter/junit-jupiter-engine/5.7.0/junit-jupiter-engine-5.7.0.jar:/Users/00121556A/.m2/repository/org/junit/platform/junit-platform-engine/1.7.0/junit-platform-engine-1.7.0.jar:/Users/00121556A/.m2/repository/org/mockito/mockito-core/3.6.28/mockito-core-3.6.28.jar:/Users/00121556A/.m2/repository/net/bytebuddy/byte-buddy/1.10.19/byte-buddy-1.10.19.jar:/Users/00121556A/.m2/repository/net/bytebuddy/byte-buddy-agent/1.10.19/byte-buddy-agent-1.10.19.jar:/Users/00121556A/.m2/repository/org/objenesis/objenesis/3.1/objenesis-3.1.jar:/Users/00121556A/.m2/repository/org/mockito/mockito-junit-jupiter/3.6.28/mockito-junit-jupiter-3.6.28.jar:/Users/00121556A/.m2/repository/org/skyscreamer/jsonassert/1.5.0/jsonassert-1.5.0.jar:/Users/00121556A/.m2/repository/com/vaadin/external/google/android-json/0.0.20131108.vaadin1/android-json-0.0.20131108.vaadin1.jar:/Users/00121556A/.m2/repository/org/springframework/spring-core/5.3.3/spring-core-5.3.3.jar:/Users/00121556A/.m2/repository/org/springframework/spring-jcl/5.3.3/spring-jcl-5.3.3.jar:/Users/00121556A/.m2/repository/org/springframework/spring-test/5.3.3/spring-test-5.3.3.jar:/Users/00121556A/.m2/repository/org/xmlunit/xmlunit-core/2.7.0/xmlunit-core-2.7.0.jar:"/>
    <property name="java.vm.vendor" value="Amazon.com Inc."/>
    <property name="sun.arch.data.model" value="64"/>
    <property name="java.vendor.url" value="https://aws.amazon.com/corretto/"/>
    <property name="user.timezone" value=""/>
    <property name="java.vm.specification.version" value="1.8"/>
    <property name="os.name" value="Mac OS X"/>
    <property name="user.country" value="MY"/>
    <property name="sun.java.launcher" value="SUN_STANDARD"/>
    <property name="sun.boot.library.path" value="/Users/00121556A/Library/Java/JavaVirtualMachines/corretto-1.8.0_282/Contents/Home/jre/lib"/>
    <property name="sun.java.command" value="/Users/00121556A/zWorkspace/playground/jokeapp/target/surefire/surefirebooter6760580371047572987.jar /Users/00121556A/zWorkspace/playground/jokeapp/target/surefire 2021-01-28T07-32-31_261-jvmRun1 surefire4475084441101121713tmp surefire_08365477908376668792tmp"/>
    <property name="http.nonProxyHosts" value="local|*.local|169.254/16|*.169.254/16|maybank2u.com.my|*.maybank2u.com.my|maybank.com.my|*.maybank.com.my|maybank.net|*.maybank.net|maybank.com|*.maybank.com|maybank2e.com|*.maybank2e.com|maybank2e.net|*.maybank2e.net|maybank-my.mbb.dir|*.maybank-my.mbb.dir|etiqa-my.mbb.dir|*.etiqa-my.mbb.dir|etiqa.com.my|*.etiqa.com.my|ost.maybank2u.com.my|*.ost.maybank2u.com.my|help-maybank-pwr.emea.csc.com|*.help-maybank-pwr.emea.csc.com|equityonline.maybank-ib.com|*.equityonline.maybank-ib.com|clientmanager.maybank-ke.com|*.clientmanager.maybank-ke.com|groupfr.maybank-ke.com|*.groupfr.maybank-ke.com|ept.bursamalaysia.com|*.ept.bursamalaysia.com|dcs.bursamalaysia.com|*.dcs.bursamalaysia.com|ev.maybank.com|*.ev.maybank.com|webmail.maybank.com|*.webmail.maybank.com|esupport.maybank.com.my|*.esupport.maybank.com.my|staff.motortakaful.com|*.staff.motortakaful.com|202.187.231.236|172.31.43.141|https://20.139.37.5|*.https://20.139.37.5|https://dci.com.my|*.https://dci.com.my|www.webaccess-bursamalaysia.com|*.www.webaccess-bursamalaysia.com|connect.maybank.com|*.connect.maybank.com|it4u.maybank.com|*.it4u.maybank.com|btx.maybank-ib.com|*.btx.maybank-ib.com|mkeermxadev01.kimeng.com|*.mkeermxadev01.kimeng.com|mkeermxaprod.kimeng.com|*.mkeermxaprod.kimeng.com|mkeermxa01.kimeng.com|*.mkeermxa01.kimeng.com|mkeermxa02.kimeng.com|*.mkeermxa02.kimeng.com|mkeermxadr01.kimeng.com|*.mkeermxadr01.kimeng.com|it4u.maybank.com|*.it4u.maybank.com|cms-site.maybank-ke.com.sg|*.cms-site.maybank-ke.com.sg|cms-internal.maybank-ke.com.sg|*.cms-internal.maybank-ke.com.sg|202.187.231.239|maybank2eservice.com.my|*.maybank2eservice.com.my|Connect.maybank.com|*.Connect.maybank.com|etpbond.bursamalaysia.com|*.etpbond.bursamalaysia.com|etpbond.bursamalaysia.com|*.etpbond.bursamalaysia.com|vdi2.mbb.com.sg|*.vdi2.mbb.com.sg|vdi2-1.mbb.com.sg|*.vdi2-1.mbb.com.sg|vdi2-2.mbb.com.sg|*.vdi2-2.mbb.com.sg|mycampus.maybank.com.my|*.mycampus.maybank.com.my|mbb.dir|*.mbb.dir|etiqapartner.com.my|*.etiqapartner.com.my|lisa.maybank.com.my|*.lisa.maybank.com.my|amla.maybank.com|*.amla.maybank.com|www.maybank2own.com|*.www.maybank2own.com|revms.maybank.com|*.revms.maybank.com|SWIFT2FA.maybank.com|*.SWIFT2FA.maybank.com|mbbdevt.com.sg|*.mbbdevt.com.sg|mfi.maybank.com|*.mfi.maybank.com|mycampussit.maybank.com|*.mycampussit.maybank.com|mycampusuat.maybank.com|*.mycampusuat.maybank.com|maybank2own.com|*.maybank2own.com|192.168.27.55|192.168.27.67|mfrs9.maybank.com|*.mfrs9.maybank.com|rcs.maybank-ib.com|*.rcs.maybank-ib.com|127.0.0.1|localhost|*.localhost|10.252.198.166|172.30.4.93|webmail.maybank.com|*.webmail.maybank.com"/>
    <property name="surefire.test.class.path" value="/Users/00121556A/zWorkspace/playground/jokeapp/target/test-classes:/Users/00121556A/zWorkspace/playground/jokeapp/target/classes:/Users/00121556A/.m2/repository/org/springframework/boot/spring-boot-starter-thymeleaf/2.4.2/spring-boot-starter-thymeleaf-2.4.2.jar:/Users/00121556A/.m2/repository/org/springframework/boot/spring-boot-starter/2.4.2/spring-boot-starter-2.4.2.jar:/Users/00121556A/.m2/repository/org/springframework/boot/spring-boot/2.4.2/spring-boot-2.4.2.jar:/Users/00121556A/.m2/repository/org/springframework/boot/spring-boot-autoconfigure/2.4.2/spring-boot-autoconfigure-2.4.2.jar:/Users/00121556A/.m2/repository/org/springframework/boot/spring-boot-starter-logging/2.4.2/spring-boot-starter-logging-2.4.2.jar:/Users/00121556A/.m2/repository/ch/qos/logback/logback-classic/1.2.3/logback-classic-1.2.3.jar:/Users/00121556A/.m2/repository/ch/qos/logback/logback-core/1.2.3/logback-core-1.2.3.jar:/Users/00121556A/.m2/repository/org/apache/logging/log4j/log4j-to-slf4j/2.13.3/log4j-to-slf4j-2.13.3.jar:/Users/00121556A/.m2/repository/org/apache/logging/log4j/log4j-api/2.13.3/log4j-api-2.13.3.jar:/Users/00121556A/.m2/repository/org/slf4j/jul-to-slf4j/1.7.30/jul-to-slf4j-1.7.30.jar:/Users/00121556A/.m2/repository/jakarta/annotation/jakarta.annotation-api/1.3.5/jakarta.annotation-api-1.3.5.jar:/Users/00121556A/.m2/repository/org/yaml/snakeyaml/1.27/snakeyaml-1.27.jar:/Users/00121556A/.m2/repository/org/thymeleaf/thymeleaf-spring5/3.0.12.RELEASE/thymeleaf-spring5-3.0.12.RELEASE.jar:/Users/00121556A/.m2/repository/org/thymeleaf/thymeleaf/3.0.12.RELEASE/thymeleaf-3.0.12.RELEASE.jar:/Users/00121556A/.m2/repository/org/attoparser/attoparser/2.0.5.RELEASE/attoparser-2.0.5.RELEASE.jar:/Users/00121556A/.m2/repository/org/unbescape/unbescape/1.1.6.RELEASE/unbescape-1.1.6.RELEASE.jar:/Users/00121556A/.m2/repository/org/slf4j/slf4j-api/1.7.30/slf4j-api-1.7.30.jar:/Users/00121556A/.m2/repository/org/thymeleaf/extras/thymeleaf-extras-java8time/3.0.4.RELEASE/thymeleaf-extras-java8time-3.0.4.RELEASE.jar:/Users/00121556A/.m2/repository/org/springframework/boot/spring-boot-starter-web/2.4.2/spring-boot-starter-web-2.4.2.jar:/Users/00121556A/.m2/repository/org/springframework/boot/spring-boot-starter-json/2.4.2/spring-boot-starter-json-2.4.2.jar:/Users/00121556A/.m2/repository/com/fasterxml/jackson/core/jackson-databind/2.11.4/jackson-databind-2.11.4.jar:/Users/00121556A/.m2/repository/com/fasterxml/jackson/core/jackson-annotations/2.11.4/jackson-annotations-2.11.4.jar:/Users/00121556A/.m2/repository/com/fasterxml/jackson/core/jackson-core/2.11.4/jackson-core-2.11.4.jar:/Users/00121556A/.m2/repository/com/fasterxml/jackson/datatype/jackson-datatype-jdk8/2.11.4/jackson-datatype-jdk8-2.11.4.jar:/Users/00121556A/.m2/repository/com/fasterxml/jackson/datatype/jackson-datatype-jsr310/2.11.4/jackson-datatype-jsr310-2.11.4.jar:/Users/00121556A/.m2/repository/com/fasterxml/jackson/module/jackson-module-parameter-names/2.11.4/jackson-module-parameter-names-2.11.4.jar:/Users/00121556A/.m2/repository/org/springframework/boot/spring-boot-starter-tomcat/2.4.2/spring-boot-starter-tomcat-2.4.2.jar:/Users/00121556A/.m2/repository/org/apache/tomcat/embed/tomcat-embed-core/9.0.41/tomcat-embed-core-9.0.41.jar:/Users/00121556A/.m2/repository/org/glassfish/jakarta.el/3.0.3/jakarta.el-3.0.3.jar:/Users/00121556A/.m2/repository/org/apache/tomcat/embed/tomcat-embed-websocket/9.0.41/tomcat-embed-websocket-9.0.41.jar:/Users/00121556A/.m2/repository/org/springframework/spring-web/5.3.3/spring-web-5.3.3.jar:/Users/00121556A/.m2/repository/org/springframework/spring-beans/5.3.3/spring-beans-5.3.3.jar:/Users/00121556A/.m2/repository/org/springframework/spring-webmvc/5.3.3/spring-webmvc-5.3.3.jar:/Users/00121556A/.m2/repository/org/springframework/spring-aop/5.3.3/spring-aop-5.3.3.jar:/Users/00121556A/.m2/repository/org/springframework/spring-context/5.3.3/spring-context-5.3.3.jar:/Users/00121556A/.m2/repository/org/springframework/spring-expression/5.3.3/spring-expression-5.3.3.jar:/Users/00121556A/.m2/repository/guru/springframework/chuck-norris-for-actuator/0.0.2/chuck-norris-for-actuator-0.0.2.jar:/Users/00121556A/.m2/repository/org/springframework/boot/spring-boot-actuator/2.4.2/spring-boot-actuator-2.4.2.jar:/Users/00121556A/.m2/repository/junit/junit/4.13.1/junit-4.13.1.jar:/Users/00121556A/.m2/repository/org/hamcrest/hamcrest-core/2.2/hamcrest-core-2.2.jar:/Users/00121556A/.m2/repository/org/springframework/boot/spring-boot-starter-test/2.4.2/spring-boot-starter-test-2.4.2.jar:/Users/00121556A/.m2/repository/org/springframework/boot/spring-boot-test/2.4.2/spring-boot-test-2.4.2.jar:/Users/00121556A/.m2/repository/org/springframework/boot/spring-boot-test-autoconfigure/2.4.2/spring-boot-test-autoconfigure-2.4.2.jar:/Users/00121556A/.m2/repository/com/jayway/jsonpath/json-path/2.4.0/json-path-2.4.0.jar:/Users/00121556A/.m2/repository/net/minidev/json-smart/2.3/json-smart-2.3.jar:/Users/00121556A/.m2/repository/net/minidev/accessors-smart/1.2/accessors-smart-1.2.jar:/Users/00121556A/.m2/repository/org/ow2/asm/asm/5.0.4/asm-5.0.4.jar:/Users/00121556A/.m2/repository/jakarta/xml/bind/jakarta.xml.bind-api/2.3.3/jakarta.xml.bind-api-2.3.3.jar:/Users/00121556A/.m2/repository/jakarta/activation/jakarta.activation-api/1.2.2/jakarta.activation-api-1.2.2.jar:/Users/00121556A/.m2/repository/org/assertj/assertj-core/3.18.1/assertj-core-3.18.1.jar:/Users/00121556A/.m2/repository/org/hamcrest/hamcrest/2.2/hamcrest-2.2.jar:/Users/00121556A/.m2/repository/org/junit/jupiter/junit-jupiter/5.7.0/junit-jupiter-5.7.0.jar:/Users/00121556A/.m2/repository/org/junit/jupiter/junit-jupiter-api/5.7.0/junit-jupiter-api-5.7.0.jar:/Users/00121556A/.m2/repository/org/apiguardian/apiguardian-api/1.1.0/apiguardian-api-1.1.0.jar:/Users/00121556A/.m2/repository/org/opentest4j/opentest4j/1.2.0/opentest4j-1.2.0.jar:/Users/00121556A/.m2/repository/org/junit/platform/junit-platform-commons/1.7.0/junit-platform-commons-1.7.0.jar:/Users/00121556A/.m2/repository/org/junit/jupiter/junit-jupiter-params/5.7.0/junit-jupiter-params-5.7.0.jar:/Users/00121556A/.m2/repository/org/junit/jupiter/junit-jupiter-engine/5.7.0/junit-jupiter-engine-5.7.0.jar:/Users/00121556A/.m2/repository/org/junit/platform/junit-platform-engine/1.7.0/junit-platform-engine-1.7.0.jar:/Users/00121556A/.m2/repository/org/mockito/mockito-core/3.6.28/mockito-core-3.6.28.jar:/Users/00121556A/.m2/repository/net/bytebuddy/byte-buddy/1.10.19/byte-buddy-1.10.19.jar:/Users/00121556A/.m2/repository/net/bytebuddy/byte-buddy-agent/1.10.19/byte-buddy-agent-1.10.19.jar:/Users/00121556A/.m2/repository/org/objenesis/objenesis/3.1/objenesis-3.1.jar:/Users/00121556A/.m2/repository/org/mockito/mockito-junit-jupiter/3.6.28/mockito-junit-jupiter-3.6.28.jar:/Users/00121556A/.m2/repository/org/skyscreamer/jsonassert/1.5.0/jsonassert-1.5.0.jar:/Users/00121556A/.m2/repository/com/vaadin/external/google/android-json/0.0.20131108.vaadin1/android-json-0.0.20131108.vaadin1.jar:/Users/00121556A/.m2/repository/org/springframework/spring-core/5.3.3/spring-core-5.3.3.jar:/Users/00121556A/.m2/repository/org/springframework/spring-jcl/5.3.3/spring-jcl-5.3.3.jar:/Users/00121556A/.m2/repository/org/springframework/spring-test/5.3.3/spring-test-5.3.3.jar:/Users/00121556A/.m2/repository/org/xmlunit/xmlunit-core/2.7.0/xmlunit-core-2.7.0.jar:"/>
    <property name="sun.cpu.endian" value="little"/>
    <property name="user.home" value="/Users/00121556A"/>
    <property name="user.language" value="en"/>
    <property name="java.specification.vendor" value="Oracle Corporation"/>
    <property name="java.home" value="/Users/00121556A/Library/Java/JavaVirtualMachines/corretto-1.8.0_282/Contents/Home/jre"/>
    <property name="basedir" value="/Users/00121556A/zWorkspace/playground/jokeapp"/>
    <property name="file.separator" value="/"/>
    <property name="line.separator" value="&#10;"/>
    <property name="java.vm.specification.vendor" value="Oracle Corporation"/>
    <property name="java.specification.name" value="Java Platform API Specification"/>
    <property name="java.awt.graphicsenv" value="sun.awt.CGraphicsEnvironment"/>
    <property name="surefire.real.class.path" value="/Users/00121556A/zWorkspace/playground/jokeapp/target/surefire/surefirebooter6760580371047572987.jar"/>
    <property name="sun.boot.class.path" value="/Users/00121556A/Library/Java/JavaVirtualMachines/corretto-1.8.0_282/Contents/Home/jre/lib/resources.jar:/Users/00121556A/Library/Java/JavaVirtualMachines/corretto-1.8.0_282/Contents/Home/jre/lib/rt.jar:/Users/00121556A/Library/Java/JavaVirtualMachines/corretto-1.8.0_282/Contents/Home/jre/lib/sunrsasign.jar:/Users/00121556A/Library/Java/JavaVirtualMachines/corretto-1.8.0_282/Contents/Home/jre/lib/jsse.jar:/Users/00121556A/Library/Java/JavaVirtualMachines/corretto-1.8.0_282/Contents/Home/jre/lib/jce.jar:/Users/00121556A/Library/Java/JavaVirtualMachines/corretto-1.8.0_282/Contents/Home/jre/lib/charsets.jar:/Users/00121556A/Library/Java/JavaVirtualMachines/corretto-1.8.0_282/Contents/Home/jre/lib/jfr.jar:/Users/00121556A/Library/Java/JavaVirtualMachines/corretto-1.8.0_282/Contents/Home/jre/classes"/>
    <property name="sun.management.compiler" value="HotSpot 64-Bit Tiered Compilers"/>
    <property name="ftp.nonProxyHosts" value="local|*.local|169.254/16|*.169.254/16|maybank2u.com.my|*.maybank2u.com.my|maybank.com.my|*.maybank.com.my|maybank.net|*.maybank.net|maybank.com|*.maybank.com|maybank2e.com|*.maybank2e.com|maybank2e.net|*.maybank2e.net|maybank-my.mbb.dir|*.maybank-my.mbb.dir|etiqa-my.mbb.dir|*.etiqa-my.mbb.dir|etiqa.com.my|*.etiqa.com.my|ost.maybank2u.com.my|*.ost.maybank2u.com.my|help-maybank-pwr.emea.csc.com|*.help-maybank-pwr.emea.csc.com|equityonline.maybank-ib.com|*.equityonline.maybank-ib.com|clientmanager.maybank-ke.com|*.clientmanager.maybank-ke.com|groupfr.maybank-ke.com|*.groupfr.maybank-ke.com|ept.bursamalaysia.com|*.ept.bursamalaysia.com|dcs.bursamalaysia.com|*.dcs.bursamalaysia.com|ev.maybank.com|*.ev.maybank.com|webmail.maybank.com|*.webmail.maybank.com|esupport.maybank.com.my|*.esupport.maybank.com.my|staff.motortakaful.com|*.staff.motortakaful.com|202.187.231.236|172.31.43.141|https://20.139.37.5|*.https://20.139.37.5|https://dci.com.my|*.https://dci.com.my|www.webaccess-bursamalaysia.com|*.www.webaccess-bursamalaysia.com|connect.maybank.com|*.connect.maybank.com|it4u.maybank.com|*.it4u.maybank.com|btx.maybank-ib.com|*.btx.maybank-ib.com|mkeermxadev01.kimeng.com|*.mkeermxadev01.kimeng.com|mkeermxaprod.kimeng.com|*.mkeermxaprod.kimeng.com|mkeermxa01.kimeng.com|*.mkeermxa01.kimeng.com|mkeermxa02.kimeng.com|*.mkeermxa02.kimeng.com|mkeermxadr01.kimeng.com|*.mkeermxadr01.kimeng.com|it4u.maybank.com|*.it4u.maybank.com|cms-site.maybank-ke.com.sg|*.cms-site.maybank-ke.com.sg|cms-internal.maybank-ke.com.sg|*.cms-internal.maybank-ke.com.sg|202.187.231.239|maybank2eservice.com.my|*.maybank2eservice.com.my|Connect.maybank.com|*.Connect.maybank.com|etpbond.bursamalaysia.com|*.etpbond.bursamalaysia.com|etpbond.bursamalaysia.com|*.etpbond.bursamalaysia.com|vdi2.mbb.com.sg|*.vdi2.mbb.com.sg|vdi2-1.mbb.com.sg|*.vdi2-1.mbb.com.sg|vdi2-2.mbb.com.sg|*.vdi2-2.mbb.com.sg|mycampus.maybank.com.my|*.mycampus.maybank.com.my|mbb.dir|*.mbb.dir|etiqapartner.com.my|*.etiqapartner.com.my|lisa.maybank.com.my|*.lisa.maybank.com.my|amla.maybank.com|*.amla.maybank.com|www.maybank2own.com|*.www.maybank2own.com|revms.maybank.com|*.revms.maybank.com|SWIFT2FA.maybank.com|*.SWIFT2FA.maybank.com|mbbdevt.com.sg|*.mbbdevt.com.sg|mfi.maybank.com|*.mfi.maybank.com|mycampussit.maybank.com|*.mycampussit.maybank.com|mycampusuat.maybank.com|*.mycampusuat.maybank.com|maybank2own.com|*.maybank2own.com|192.168.27.55|192.168.27.67|mfrs9.maybank.com|*.mfrs9.maybank.com|rcs.maybank-ib.com|*.rcs.maybank-ib.com|127.0.0.1|localhost|*.localhost|10.252.198.166|172.30.4.93|webmail.maybank.com|*.webmail.maybank.com"/>
    <property name="java.runtime.version" value="1.8.0_282-b08"/>
    <property name="user.name" value="00121556A"/>
    <property name="path.separator" value=":"/>
    <property name="os.version" value="10.16"/>
    <property name="java.endorsed.dirs" value="/Users/00121556A/Library/Java/JavaVirtualMachines/corretto-1.8.0_282/Contents/Home/jre/lib/endorsed"/>
    <property name="java.runtime.name" value="OpenJDK Runtime Environment"/>
    <property name="file.encoding" value="US-ASCII"/>
    <property name="java.vm.name" value="OpenJDK 64-Bit Server VM"/>
    <property name="localRepository" value="/Users/00121556A/.m2/repository"/>
    <property name="java.vendor.url.bug" value="https://github.com/corretto/corretto-8/issues/"/>
    <property name="java.io.tmpdir" value="/var/folders/lq/wc65c_kn5f7gfly2cn338z7w0000gp/T/"/>
    <property name="idea.version" value="2020.3.1"/>
    <property name="java.version" value="1.8.0_282"/>
    <property name="user.dir" value="/Users/00121556A/zWorkspace/playground/jokeapp"/>
    <property name="os.arch" value="x86_64"/>
    <property name="java.vm.specification.name" value="Java Virtual Machine Specification"/>
    <property name="java.awt.printerjob" value="sun.lwawt.macosx.CPrinterJob"/>
    <property name="sun.os.patch.level" value="unknown"/>
    <property name="java.library.path" value="/Users/00121556A/Library/Java/Extensions:/Library/Java/Extensions:/Network/Library/Java/Extensions:/System/Library/Java/Extensions:/usr/lib/java:."/>
    <property name="java.vm.info" value="mixed mode"/>
    <property name="java.vendor" value="Amazon.com Inc."/>
    <property name="java.vm.version" value="25.282-b08"/>
    <property name="java.ext.dirs" value="/Users/00121556A/Library/Java/Extensions:/Users/00121556A/Library/Java/JavaVirtualMachines/corretto-1.8.0_282/Contents/Home/jre/lib/ext:/Library/Java/Extensions:/Network/Library/Java/Extensions:/System/Library/Java/Extensions:/usr/lib/java"/>
    <property name="sun.io.unicode.encoding" value="UnicodeBig"/>
    <property name="java.class.version" value="52.0"/>
    <property name="socksNonProxyHosts" value="local|*.local|169.254/16|*.169.254/16|maybank2u.com.my|*.maybank2u.com.my|maybank.com.my|*.maybank.com.my|maybank.net|*.maybank.net|maybank.com|*.maybank.com|maybank2e.com|*.maybank2e.com|maybank2e.net|*.maybank2e.net|maybank-my.mbb.dir|*.maybank-my.mbb.dir|etiqa-my.mbb.dir|*.etiqa-my.mbb.dir|etiqa.com.my|*.etiqa.com.my|ost.maybank2u.com.my|*.ost.maybank2u.com.my|help-maybank-pwr.emea.csc.com|*.help-maybank-pwr.emea.csc.com|equityonline.maybank-ib.com|*.equityonline.maybank-ib.com|clientmanager.maybank-ke.com|*.clientmanager.maybank-ke.com|groupfr.maybank-ke.com|*.groupfr.maybank-ke.com|ept.bursamalaysia.com|*.ept.bursamalaysia.com|dcs.bursamalaysia.com|*.dcs.bursamalaysia.com|ev.maybank.com|*.ev.maybank.com|webmail.maybank.com|*.webmail.maybank.com|esupport.maybank.com.my|*.esupport.maybank.com.my|staff.motortakaful.com|*.staff.motortakaful.com|202.187.231.236|172.31.43.141|https://20.139.37.5|*.https://20.139.37.5|https://dci.com.my|*.https://dci.com.my|www.webaccess-bursamalaysia.com|*.www.webaccess-bursamalaysia.com|connect.maybank.com|*.connect.maybank.com|it4u.maybank.com|*.it4u.maybank.com|btx.maybank-ib.com|*.btx.maybank-ib.com|mkeermxadev01.kimeng.com|*.mkeermxadev01.kimeng.com|mkeermxaprod.kimeng.com|*.mkeermxaprod.kimeng.com|mkeermxa01.kimeng.com|*.mkeermxa01.kimeng.com|mkeermxa02.kimeng.com|*.mkeermxa02.kimeng.com|mkeermxadr01.kimeng.com|*.mkeermxadr01.kimeng.com|it4u.maybank.com|*.it4u.maybank.com|cms-site.maybank-ke.com.sg|*.cms-site.maybank-ke.com.sg|cms-internal.maybank-ke.com.sg|*.cms-internal.maybank-ke.com.sg|202.187.231.239|maybank2eservice.com.my|*.maybank2eservice.com.my|Connect.maybank.com|*.Connect.maybank.com|etpbond.bursamalaysia.com|*.etpbond.bursamalaysia.com|etpbond.bursamalaysia.com|*.etpbond.bursamalaysia.com|vdi2.mbb.com.sg|*.vdi2.mbb.com.sg|vdi2-1.mbb.com.sg|*.vdi2-1.mbb.com.sg|vdi2-2.mbb.com.sg|*.vdi2-2.mbb.com.sg|mycampus.maybank.com.my|*.mycampus.maybank.com.my|mbb.dir|*.mbb.dir|etiqapartner.com.my|*.etiqapartner.com.my|lisa.maybank.com.my|*.lisa.maybank.com.my|amla.maybank.com|*.amla.maybank.com|www.maybank2own.com|*.www.maybank2own.com|revms.maybank.com|*.revms.maybank.com|SWIFT2FA.maybank.com|*.SWIFT2FA.maybank.com|mbbdevt.com.sg|*.mbbdevt.com.sg|mfi.maybank.com|*.mfi.maybank.com|mycampussit.maybank.com|*.mycampussit.maybank.com|mycampusuat.maybank.com|*.mycampusuat.maybank.com|maybank2own.com|*.maybank2own.com|192.168.27.55|192.168.27.67|mfrs9.maybank.com|*.mfrs9.maybank.com|rcs.maybank-ib.com|*.rcs.maybank-ib.com|127.0.0.1|localhost|*.localhost|10.252.198.166|172.30.4.93|webmail.maybank.com|*.webmail.maybank.com"/>
  </properties>
  <testcase name="contextLoads" classname="guru.springframework.joke.JokeappApplicationTests" time="0.185"/>
</testsuite>